<?xml version="1.0" encoding="UTF-8"?>
<testng-results skipped="0" failed="0" ignored="0" total="1" passed="1">
  <reporter-output>
  </reporter-output>
  <suite name="Default suite" duration-ms="104086" started-at="2021-03-05T14:17:07Z" finished-at="2021-03-05T14:18:51Z">
    <groups>
    </groups>
    <test name="Default test" duration-ms="104086" started-at="2021-03-05T14:17:07Z" finished-at="2021-03-05T14:18:51Z">
      <class name="advanced.WebViewHandle">
        <test-method status="PASS" signature="TC_WebViewHandle()[pri:0, instance:advanced.WebViewHandle@4e1d422d]" name="TC_WebViewHandle" duration-ms="104038" started-at="2021-03-05T19:47:07Z" finished-at="2021-03-05T19:48:51Z">
          <reporter-output>
          </reporter-output>
        </test-method> <!-- TC_WebViewHandle -->
      </class> <!-- advanced.WebViewHandle -->
    </test> <!-- Default test -->
  </suite> <!-- Default suite -->
</testng-results>
