<?xml version="1.0" encoding="UTF-8"?>
<testng-results skipped="0" failed="0" ignored="0" total="1" passed="1">
  <reporter-output>
  </reporter-output>
  <suite name="Default suite" duration-ms="28030" started-at="2021-01-29T15:25:36Z" finished-at="2021-01-29T15:26:04Z">
    <groups>
    </groups>
    <test name="Default test" duration-ms="28030" started-at="2021-01-29T15:25:36Z" finished-at="2021-01-29T15:26:04Z">
      <class name="suite.AppiumProject.AlertsTest">
        <test-method status="PASS" signature="TC_AlertsTest()[pri:0, instance:suite.AppiumProject.AlertsTest@a67c67e]" name="TC_AlertsTest" duration-ms="27974" started-at="2021-01-29T20:55:36Z" finished-at="2021-01-29T20:56:04Z">
          <reporter-output>
          </reporter-output>
        </test-method> <!-- TC_AlertsTest -->
      </class> <!-- suite.AppiumProject.AlertsTest -->
    </test> <!-- Default test -->
  </suite> <!-- Default suite -->
</testng-results>
